# JRE version: OpenJDK Runtime Environment Temurin-11.0.14.1+1 (11.0.14.1+1) (build 11.0.14.1+1)
# Java VM: OpenJDK 64-Bit Server VM Temurin-11.0.14.1+1 (11.0.14.1+1, mixed mode, tiered, compressed oops, g1 gc, windows-amd64)
Heap:
 garbage-first heap   total 359424K, used 126238K [0x00000000a1c00000, 0x0000000100000000)
  region size 1024K, 11 young (11264K), 2 survivors (2048K)
 Metaspace       used 21764K, capacity 22144K, committed 23168K, reserved 1071104K
  class space    used 1906K, capacity 2064K, committed 2432K, reserved 1048576K
GC Heap History (20 events):
Event: 1934.310 GC heap before
{Heap before GC invocations=1784 (full 5):
 garbage-first heap   total 359424K, used 172568K [0x00000000a1c00000, 0x0000000100000000)
  region size 1024K, 15 young (15360K), 2 survivors (2048K)
 Metaspace       used 21725K, capacity 22116K, committed 23168K, reserved 1071104K
  class space    used 1900K, capacity 2055K, committed 2432K, reserved 1048576K
}
Event: 1934.314 GC heap after
{Heap after GC invocations=1785 (full 5):
 garbage-first heap   total 359424K, used 68195K [0x00000000a1c00000, 0x0000000100000000)
  region size 1024K, 2 young (2048K), 2 survivors (2048K)
 Metaspace       used 21725K, capacity 22116K, committed 23168K, reserved 1071104K
  class space    used 1900K, capacity 2055K, committed 2432K, reserved 1048576K
}
Event: 1935.023 GC heap before
{Heap before GC invocations=1786 (full 5):
 garbage-first heap   total 359424K, used 171619K [0x00000000a1c00000, 0x0000000100000000)
  region size 1024K, 14 young (14336K), 2 survivors (2048K)
 Metaspace       used 21725K, capacity 22116K, committed 23168K, reserved 1071104K
  class space    used 1900K, capacity 2055K, committed 2432K, reserved 1048576K
}
Event: 1935.026 GC heap after
{Heap after GC invocations=1787 (full 5):
 garbage-first heap   total 359424K, used 68303K [0x00000000a1c00000, 0x0000000100000000)
  region size 1024K, 2 young (2048K), 2 survivors (2048K)
 Metaspace       used 21725K, capacity 22116K, committed 23168K, reserved 1071104K
  class space    used 1900K, capacity 2055K, committed 2432K, reserved 1048576K
}
Event: 1935.737 GC heap before
{Heap before GC invocations=1788 (full 5):
 garbage-first heap   total 359424K, used 170703K [0x00000000a1c00000, 0x0000000100000000)
  region size 1024K, 13 young (13312K), 2 survivors (2048K)
 Metaspace       used 21725K, capacity 22116K, committed 23168K, reserved 1071104K
  class space    used 1900K, capacity 2055K, committed 2432K, reserved 1048576K
}
Event: 1935.740 GC heap after
{Heap after GC invocations=1789 (full 5):
 garbage-first heap   total 359424K, used 68377K [0x00000000a1c00000, 0x0000000100000000)
  region size 1024K, 2 young (2048K), 2 survivors (2048K)
 Metaspace       used 21725K, capacity 22116K, committed 23168K, reserved 1071104K
  class space    used 1900K, capacity 2055K, committed 2432K, reserved 1048576K
}
Event: 1936.412 GC heap before
{Heap before GC invocations=1790 (full 5):
 garbage-first heap   total 359424K, used 172825K [0x00000000a1c00000, 0x0000000100000000)
  region size 1024K, 15 young (15360K), 2 survivors (2048K)
 Metaspace       used 21725K, capacity 22116K, committed 23168K, reserved 1071104K
  class space    used 1900K, capacity 2055K, committed 2432K, reserved 1048576K
}
Event: 1936.417 GC heap after
{Heap after GC invocations=1791 (full 5):
 garbage-first heap   total 359424K, used 68482K [0x00000000a1c00000, 0x0000000100000000)
  region size 1024K, 2 young (2048K), 2 survivors (2048K)
 Metaspace       used 21725K, capacity 22116K, committed 23168K, reserved 1071104K
  class space    used 1900K, capacity 2055K, committed 2432K, reserved 1048576K
}
Event: 1937.435 GC heap before
{Heap before GC invocations=1792 (full 5):
 garbage-first heap   total 359424K, used 170882K [0x00000000a1c00000, 0x0000000100000000)
  region size 1024K, 13 young (13312K), 2 survivors (2048K)
 Metaspace       used 21725K, capacity 22116K, committed 23168K, reserved 1071104K
  class space    used 1900K, capacity 2055K, committed 2432K, reserved 1048576K
}
Event: 1937.441 GC heap after
{Heap after GC invocations=1793 (full 5):
 garbage-first heap   total 359424K, used 68547K [0x00000000a1c00000, 0x0000000100000000)
  region size 1024K, 2 young (2048K), 2 survivors (2048K)
 Metaspace       used 21725K, capacity 22116K, committed 23168K, reserved 1071104K
  class space    used 1900K, capacity 2055K, committed 2432K, reserved 1048576K
}
Event: 1938.207 GC heap before
{Heap before GC invocations=1794 (full 5):
 garbage-first heap   total 359424K, used 171971K [0x00000000a1c00000, 0x0000000100000000)
  region size 1024K, 14 young (14336K), 2 survivors (2048K)
 Metaspace       used 21725K, capacity 22116K, committed 23168K, reserved 1071104K
  class space    used 1900K, capacity 2055K, committed 2432K, reserved 1048576K
}
Event: 1938.210 GC heap after
{Heap after GC invocations=1795 (full 5):
 garbage-first heap   total 359424K, used 68636K [0x00000000a1c00000, 0x0000000100000000)
  region size 1024K, 2 young (2048K), 2 survivors (2048K)
 Metaspace       used 21725K, capacity 22116K, committed 23168K, reserved 1071104K
  class space    used 1900K, capacity 2055K, committed 2432K, reserved 1048576K
}
Event: 1938.884 GC heap before
{Heap before GC invocations=1796 (full 5):
 garbage-first heap   total 359424K, used 172060K [0x00000000a1c00000, 0x0000000100000000)
  region size 1024K, 14 young (14336K), 2 survivors (2048K)
 Metaspace       used 21725K, capacity 22116K, committed 23168K, reserved 1071104K
  class space    used 1900K, capacity 2055K, committed 2432K, reserved 1048576K
}
Event: 1938.887 GC heap after
{Heap after GC invocations=1797 (full 5):
 garbage-first heap   total 359424K, used 68683K [0x00000000a1c00000, 0x0000000100000000)
  region size 1024K, 2 young (2048K), 2 survivors (2048K)
 Metaspace       used 21725K, capacity 22116K, committed 23168K, reserved 1071104K
  class space    used 1900K, capacity 2055K, committed 2432K, reserved 1048576K
}
Event: 1939.612 GC heap before
{Heap before GC invocations=1798 (full 5):
 garbage-first heap   total 359424K, used 172107K [0x00000000a1c00000, 0x0000000100000000)
  region size 1024K, 14 young (14336K), 2 survivors (2048K)
 Metaspace       used 21725K, capacity 22116K, committed 23168K, reserved 1071104K
  class space    used 1900K, capacity 2055K, committed 2432K, reserved 1048576K
}
Event: 1939.618 GC heap after
{Heap after GC invocations=1799 (full 5):
 garbage-first heap   total 359424K, used 68701K [0x00000000a1c00000, 0x0000000100000000)
  region size 1024K, 2 young (2048K), 2 survivors (2048K)
 Metaspace       used 21725K, capacity 22116K, committed 23168K, reserved 1071104K
  class space    used 1900K, capacity 2055K, committed 2432K, reserved 1048576K
}
Event: 1940.224 GC heap before
{Heap before GC invocations=1800 (full 5):
 garbage-first heap   total 359424K, used 172125K [0x00000000a1c00000, 0x0000000100000000)
  region size 1024K, 14 young (14336K), 2 survivors (2048K)
 Metaspace       used 21725K, capacity 22116K, committed 23168K, reserved 1071104K
  class space    used 1900K, capacity 2055K, committed 2432K, reserved 1048576K
}
Event: 1940.227 GC heap after
{Heap after GC invocations=1801 (full 5):
 garbage-first heap   total 359424K, used 68808K [0x00000000a1c00000, 0x0000000100000000)
  region size 1024K, 2 young (2048K), 2 survivors (2048K)
 Metaspace       used 21725K, capacity 22116K, committed 23168K, reserved 1071104K
  class space    used 1900K, capacity 2055K, committed 2432K, reserved 1048576K
}
Event: 1941.004 GC heap before
{Heap before GC invocations=1802 (full 5):
 garbage-first heap   total 359424K, used 171208K [0x00000000a1c00000, 0x0000000100000000)
  region size 1024K, 13 young (13312K), 2 survivors (2048K)
 Metaspace       used 21725K, capacity 22116K, committed 23168K, reserved 1071104K
  class space    used 1900K, capacity 2055K, committed 2432K, reserved 1048576K
}
Event: 1941.007 GC heap after
{Heap after GC invocations=1803 (full 5):
 garbage-first heap   total 359424K, used 68894K [0x00000000a1c00000, 0x0000000100000000)
  region size 1024K, 2 young (2048K), 2 survivors (2048K)
 Metaspace       used 21725K, capacity 22116K, committed 23168K, reserved 1071104K
  class space    used 1900K, capacity 2055K, committed 2432K, reserved 1048576K
}

